{"C:\\Users\\Ragnar\\Desktop\\Users App\\app.js": {"path":"C:\\Users\\Ragnar\\Desktop\\Users App\\app.js","statementMap":{"0":{"start":{"line":1,"column":16},"end":{"line":1,"column":34}},"1":{"start":{"line":2,"column":12},"end":{"line":2,"column":21}},"2":{"start":{"line":3,"column":13},"end":{"line":3,"column":28}},"3":{"start":{"line":5,"column":0},"end":{"line":5,"column":24}},"4":{"start":{"line":6,"column":0},"end":{"line":6,"column":45}},"5":{"start":{"line":8,"column":18},"end":{"line":8,"column":47}},"6":{"start":{"line":9,"column":24},"end":{"line":9,"column":44}},"7":{"start":{"line":11,"column":13},"end":{"line":11,"column":44}},"8":{"start":{"line":12,"column":20},"end":{"line":12,"column":60}},"9":{"start":{"line":13,"column":17},"end":{"line":13,"column":52}},"10":{"start":{"line":14,"column":13},"end":{"line":14,"column":44}},"11":{"start":{"line":16,"column":0},"end":{"line":18,"column":3}},"12":{"start":{"line":20,"column":0},"end":{"line":20,"column":26}},"13":{"start":{"line":21,"column":0},"end":{"line":21,"column":27}},"14":{"start":{"line":22,"column":0},"end":{"line":22,"column":41}},"15":{"start":{"line":23,"column":0},"end":{"line":23,"column":34}},"16":{"start":{"line":25,"column":0},"end":{"line":25,"column":37}},"17":{"start":{"line":27,"column":0},"end":{"line":31,"column":2}},"18":{"start":{"line":33,"column":0},"end":{"line":33,"column":20}}},"fnMap":{},"branchMap":{},"s":{"0":2,"1":2,"2":2,"3":2,"4":2,"5":2,"6":2,"7":2,"8":2,"9":2,"10":2,"11":2,"12":2,"13":2,"14":2,"15":2,"16":2,"17":2,"18":2},"f":{},"b":{},"_coverageSchema":"1a1c01bbd47fc00a2c39e90264f33305004495a9","hash":"819bb38315b5d3ca1cc8c47984ae8ee368a47e67"}
,"C:\\Users\\Ragnar\\Desktop\\Users App\\swagger.js": {"path":"C:\\Users\\Ragnar\\Desktop\\Users App\\swagger.js","statementMap":{"0":{"start":{"line":1,"column":12},"end":{"line":1,"column":42}},"1":{"start":{"line":2,"column":13},"end":{"line":2,"column":43}},"2":{"start":{"line":4,"column":0},"end":{"line":257,"column":1}}},"fnMap":{},"branchMap":{},"s":{"0":2,"1":2,"2":2},"f":{},"b":{},"_coverageSchema":"1a1c01bbd47fc00a2c39e90264f33305004495a9","hash":"bd56ca21acf3efd30f0688c852c1f5155aa2a446"}
,"C:\\Users\\Ragnar\\Desktop\\Users App\\controllers\\auth.controller.js": {"path":"C:\\Users\\Ragnar\\Desktop\\Users App\\controllers\\auth.controller.js","statementMap":{"0":{"start":{"line":1,"column":15},"end":{"line":1,"column":32}},"1":{"start":{"line":2,"column":13},"end":{"line":2,"column":44}},"2":{"start":{"line":3,"column":20},"end":{"line":3,"column":55}},"3":{"start":{"line":5,"column":0},"end":{"line":26,"column":1}},"4":{"start":{"line":6,"column":2},"end":{"line":6,"column":38}},"5":{"start":{"line":8,"column":19},"end":{"line":8,"column":36}},"6":{"start":{"line":9,"column":19},"end":{"line":9,"column":36}},"7":{"start":{"line":11,"column":2},"end":{"line":25,"column":3}},"8":{"start":{"line":12,"column":19},"end":{"line":12,"column":102}},"9":{"start":{"line":13,"column":4},"end":{"line":13,"column":32}},"10":{"start":{"line":14,"column":20},"end":{"line":14,"column":67}},"11":{"start":{"line":16,"column":4},"end":{"line":21,"column":5}},"12":{"start":{"line":17,"column":20},"end":{"line":17,"column":59}},"13":{"start":{"line":18,"column":6},"end":{"line":18,"column":56}},"14":{"start":{"line":20,"column":6},"end":{"line":20,"column":72}},"15":{"start":{"line":23,"column":4},"end":{"line":23,"column":43}},"16":{"start":{"line":24,"column":4},"end":{"line":24,"column":52}},"17":{"start":{"line":28,"column":0},"end":{"line":42,"column":1}},"18":{"start":{"line":29,"column":15},"end":{"line":29,"column":29}},"19":{"start":{"line":31,"column":2},"end":{"line":41,"column":3}},"20":{"start":{"line":32,"column":4},"end":{"line":32,"column":81}},"21":{"start":{"line":34,"column":15},"end":{"line":34,"column":49}},"22":{"start":{"line":35,"column":4},"end":{"line":40,"column":5}},"23":{"start":{"line":36,"column":6},"end":{"line":36,"column":31}},"24":{"start":{"line":37,"column":6},"end":{"line":37,"column":55}},"25":{"start":{"line":39,"column":6},"end":{"line":39,"column":76}}},"fnMap":{"0":{"name":"(anonymous_0)","decl":{"start":{"line":5,"column":16},"end":{"line":5,"column":17}},"loc":{"start":{"line":5,"column":34},"end":{"line":26,"column":1}},"line":5},"1":{"name":"(anonymous_1)","decl":{"start":{"line":28,"column":22},"end":{"line":28,"column":23}},"loc":{"start":{"line":28,"column":41},"end":{"line":42,"column":1}},"line":28}},"branchMap":{"0":{"loc":{"start":{"line":16,"column":4},"end":{"line":21,"column":5}},"type":"if","locations":[{"start":{"line":16,"column":4},"end":{"line":21,"column":5}},{"start":{"line":19,"column":11},"end":{"line":21,"column":5}}],"line":16},"1":{"loc":{"start":{"line":16,"column":8},"end":{"line":16,"column":91}},"type":"binary-expr","locations":[{"start":{"line":16,"column":8},"end":{"line":16,"column":14}},{"start":{"line":16,"column":18},"end":{"line":16,"column":46}},{"start":{"line":16,"column":51},"end":{"line":16,"column":58}},{"start":{"line":16,"column":62},"end":{"line":16,"column":90}}],"line":16},"2":{"loc":{"start":{"line":31,"column":2},"end":{"line":41,"column":3}},"type":"if","locations":[{"start":{"line":31,"column":2},"end":{"line":41,"column":3}},{"start":{"line":33,"column":9},"end":{"line":41,"column":3}}],"line":31},"3":{"loc":{"start":{"line":35,"column":4},"end":{"line":40,"column":5}},"type":"if","locations":[{"start":{"line":35,"column":4},"end":{"line":40,"column":5}},{"start":{"line":38,"column":11},"end":{"line":40,"column":5}}],"line":35}},"s":{"0":2,"1":2,"2":2,"3":2,"4":0,"5":0,"6":0,"7":0,"8":0,"9":0,"10":0,"11":0,"12":0,"13":0,"14":0,"15":0,"16":0,"17":2,"18":0,"19":0,"20":0,"21":0,"22":0,"23":0,"24":0,"25":0},"f":{"0":0,"1":0},"b":{"0":[0,0],"1":[0,0,0,0],"2":[0,0],"3":[0,0]},"_coverageSchema":"1a1c01bbd47fc00a2c39e90264f33305004495a9","hash":"66b2a3fef0930ea304113dd1ee35b018648776e7"}
,"C:\\Users\\Ragnar\\Desktop\\Users App\\controllers\\products.controller.js": {"path":"C:\\Users\\Ragnar\\Desktop\\Users App\\controllers\\products.controller.js","statementMap":{"0":{"start":{"line":1,"column":16},"end":{"line":1,"column":51}},"1":{"start":{"line":2,"column":24},"end":{"line":2,"column":63}},"2":{"start":{"line":3,"column":15},"end":{"line":3,"column":42}},"3":{"start":{"line":5,"column":0},"end":{"line":14,"column":2}},"4":{"start":{"line":6,"column":4},"end":{"line":13,"column":5}},"5":{"start":{"line":7,"column":23},"end":{"line":7,"column":54}},"6":{"start":{"line":8,"column":8},"end":{"line":8,"column":61}},"7":{"start":{"line":9,"column":8},"end":{"line":9,"column":55}},"8":{"start":{"line":11,"column":8},"end":{"line":11,"column":61}},"9":{"start":{"line":12,"column":8},"end":{"line":12,"column":59}},"10":{"start":{"line":16,"column":0},"end":{"line":32,"column":2}},"11":{"start":{"line":17,"column":18},"end":{"line":17,"column":36}},"12":{"start":{"line":19,"column":4},"end":{"line":31,"column":5}},"13":{"start":{"line":20,"column":23},"end":{"line":20,"column":61}},"14":{"start":{"line":22,"column":8},"end":{"line":26,"column":9}},"15":{"start":{"line":23,"column":12},"end":{"line":23,"column":65}},"16":{"start":{"line":25,"column":12},"end":{"line":25,"column":84}},"17":{"start":{"line":27,"column":8},"end":{"line":27,"column":46}},"18":{"start":{"line":29,"column":8},"end":{"line":29,"column":59}},"19":{"start":{"line":30,"column":8},"end":{"line":30,"column":50}},"20":{"start":{"line":34,"column":0},"end":{"line":52,"column":2}},"21":{"start":{"line":35,"column":15},"end":{"line":35,"column":23}},"22":{"start":{"line":37,"column":23},"end":{"line":42,"column":6}},"23":{"start":{"line":44,"column":4},"end":{"line":51,"column":5}},"24":{"start":{"line":45,"column":23},"end":{"line":45,"column":46}},"25":{"start":{"line":46,"column":8},"end":{"line":46,"column":61}},"26":{"start":{"line":47,"column":8},"end":{"line":47,"column":47}},"27":{"start":{"line":49,"column":8},"end":{"line":49,"column":59}},"28":{"start":{"line":50,"column":8},"end":{"line":50,"column":51}},"29":{"start":{"line":54,"column":0},"end":{"line":75,"column":2}},"30":{"start":{"line":55,"column":20},"end":{"line":55,"column":36}},"31":{"start":{"line":56,"column":26},"end":{"line":61,"column":5}},"32":{"start":{"line":63,"column":4},"end":{"line":74,"column":5}},"33":{"start":{"line":64,"column":23},"end":{"line":68,"column":9}},"34":{"start":{"line":69,"column":8},"end":{"line":69,"column":61}},"35":{"start":{"line":70,"column":8},"end":{"line":70,"column":47}},"36":{"start":{"line":72,"column":8},"end":{"line":72,"column":59}},"37":{"start":{"line":73,"column":8},"end":{"line":73,"column":51}},"38":{"start":{"line":77,"column":0},"end":{"line":88,"column":2}},"39":{"start":{"line":78,"column":20},"end":{"line":78,"column":38}},"40":{"start":{"line":80,"column":4},"end":{"line":87,"column":5}},"41":{"start":{"line":81,"column":23},"end":{"line":81,"column":75}},"42":{"start":{"line":82,"column":8},"end":{"line":82,"column":61}},"43":{"start":{"line":83,"column":8},"end":{"line":83,"column":47}},"44":{"start":{"line":85,"column":8},"end":{"line":85,"column":59}},"45":{"start":{"line":86,"column":8},"end":{"line":86,"column":51}}},"fnMap":{"0":{"name":"(anonymous_0)","decl":{"start":{"line":5,"column":18},"end":{"line":5,"column":19}},"loc":{"start":{"line":5,"column":38},"end":{"line":14,"column":1}},"line":5},"1":{"name":"(anonymous_1)","decl":{"start":{"line":16,"column":18},"end":{"line":16,"column":19}},"loc":{"start":{"line":16,"column":38},"end":{"line":32,"column":1}},"line":16},"2":{"name":"(anonymous_2)","decl":{"start":{"line":34,"column":17},"end":{"line":34,"column":18}},"loc":{"start":{"line":34,"column":37},"end":{"line":52,"column":1}},"line":34},"3":{"name":"(anonymous_3)","decl":{"start":{"line":54,"column":17},"end":{"line":54,"column":18}},"loc":{"start":{"line":54,"column":37},"end":{"line":75,"column":1}},"line":54},"4":{"name":"(anonymous_4)","decl":{"start":{"line":77,"column":17},"end":{"line":77,"column":18}},"loc":{"start":{"line":77,"column":37},"end":{"line":88,"column":1}},"line":77}},"branchMap":{"0":{"loc":{"start":{"line":22,"column":8},"end":{"line":26,"column":9}},"type":"if","locations":[{"start":{"line":22,"column":8},"end":{"line":26,"column":9}},{"start":{"line":24,"column":15},"end":{"line":26,"column":9}}],"line":22}},"s":{"0":2,"1":2,"2":2,"3":2,"4":1,"5":1,"6":1,"7":1,"8":0,"9":0,"10":2,"11":1,"12":1,"13":1,"14":1,"15":1,"16":0,"17":1,"18":0,"19":0,"20":2,"21":1,"22":1,"23":1,"24":1,"25":1,"26":1,"27":0,"28":0,"29":2,"30":0,"31":0,"32":0,"33":0,"34":0,"35":0,"36":0,"37":0,"38":2,"39":0,"40":0,"41":0,"42":0,"43":0,"44":0,"45":0},"f":{"0":1,"1":1,"2":1,"3":0,"4":0},"b":{"0":[1,0]},"_coverageSchema":"1a1c01bbd47fc00a2c39e90264f33305004495a9","hash":"611e47d23197ce2dc30c16d1f00842bb760c0ddd"}
,"C:\\Users\\Ragnar\\Desktop\\Users App\\controllers\\user.controller.js": {"path":"C:\\Users\\Ragnar\\Desktop\\Users App\\controllers\\user.controller.js","statementMap":{"0":{"start":{"line":1,"column":13},"end":{"line":1,"column":44}},"1":{"start":{"line":2,"column":20},"end":{"line":2,"column":55}},"2":{"start":{"line":3,"column":15},"end":{"line":3,"column":32}},"3":{"start":{"line":5,"column":15},"end":{"line":5,"column":42}},"4":{"start":{"line":7,"column":0},"end":{"line":17,"column":2}},"5":{"start":{"line":9,"column":4},"end":{"line":16,"column":5}},"6":{"start":{"line":10,"column":23},"end":{"line":10,"column":50}},"7":{"start":{"line":11,"column":8},"end":{"line":11,"column":61}},"8":{"start":{"line":12,"column":8},"end":{"line":12,"column":52}},"9":{"start":{"line":14,"column":8},"end":{"line":14,"column":59}},"10":{"start":{"line":15,"column":8},"end":{"line":15,"column":58}},"11":{"start":{"line":19,"column":0},"end":{"line":35,"column":2}},"12":{"start":{"line":20,"column":19},"end":{"line":20,"column":38}},"13":{"start":{"line":22,"column":4},"end":{"line":34,"column":5}},"14":{"start":{"line":23,"column":23},"end":{"line":23,"column":58}},"15":{"start":{"line":25,"column":8},"end":{"line":29,"column":9}},"16":{"start":{"line":26,"column":12},"end":{"line":26,"column":65}},"17":{"start":{"line":28,"column":12},"end":{"line":28,"column":81}},"18":{"start":{"line":30,"column":8},"end":{"line":30,"column":56}},"19":{"start":{"line":32,"column":8},"end":{"line":32,"column":59}},"20":{"start":{"line":33,"column":8},"end":{"line":33,"column":62}},"21":{"start":{"line":37,"column":0},"end":{"line":66,"column":2}},"22":{"start":{"line":38,"column":15},"end":{"line":38,"column":23}},"23":{"start":{"line":39,"column":25},"end":{"line":39,"column":27}},"24":{"start":{"line":41,"column":25},"end":{"line":41,"column":27}},"25":{"start":{"line":42,"column":4},"end":{"line":44,"column":5}},"26":{"start":{"line":43,"column":8},"end":{"line":43,"column":72}},"27":{"start":{"line":46,"column":20},"end":{"line":56,"column":6}},"28":{"start":{"line":58,"column":4},"end":{"line":65,"column":5}},"29":{"start":{"line":59,"column":23},"end":{"line":59,"column":43}},"30":{"start":{"line":60,"column":8},"end":{"line":60,"column":61}},"31":{"start":{"line":61,"column":8},"end":{"line":61,"column":47}},"32":{"start":{"line":63,"column":8},"end":{"line":63,"column":59}},"33":{"start":{"line":64,"column":8},"end":{"line":64,"column":54}},"34":{"start":{"line":68,"column":0},"end":{"line":92,"column":2}},"35":{"start":{"line":69,"column":21},"end":{"line":69,"column":38}},"36":{"start":{"line":70,"column":23},"end":{"line":78,"column":5}},"37":{"start":{"line":80,"column":4},"end":{"line":91,"column":5}},"38":{"start":{"line":81,"column":23},"end":{"line":85,"column":9}},"39":{"start":{"line":86,"column":8},"end":{"line":86,"column":61}},"40":{"start":{"line":87,"column":8},"end":{"line":87,"column":47}},"41":{"start":{"line":89,"column":8},"end":{"line":89,"column":59}},"42":{"start":{"line":90,"column":8},"end":{"line":90,"column":52}},"43":{"start":{"line":94,"column":0},"end":{"line":105,"column":2}},"44":{"start":{"line":95,"column":21},"end":{"line":95,"column":40}},"45":{"start":{"line":97,"column":4},"end":{"line":104,"column":5}},"46":{"start":{"line":98,"column":23},"end":{"line":98,"column":74}},"47":{"start":{"line":99,"column":8},"end":{"line":99,"column":61}},"48":{"start":{"line":100,"column":8},"end":{"line":100,"column":47}},"49":{"start":{"line":102,"column":8},"end":{"line":102,"column":59}},"50":{"start":{"line":103,"column":8},"end":{"line":103,"column":52}},"51":{"start":{"line":107,"column":0},"end":{"line":118,"column":2}},"52":{"start":{"line":108,"column":18},"end":{"line":108,"column":34}},"53":{"start":{"line":110,"column":4},"end":{"line":117,"column":5}},"54":{"start":{"line":111,"column":23},"end":{"line":111,"column":68}},"55":{"start":{"line":112,"column":8},"end":{"line":112,"column":61}},"56":{"start":{"line":113,"column":8},"end":{"line":113,"column":47}},"57":{"start":{"line":115,"column":8},"end":{"line":115,"column":59}},"58":{"start":{"line":116,"column":8},"end":{"line":116,"column":52}}},"fnMap":{"0":{"name":"(anonymous_0)","decl":{"start":{"line":7,"column":18},"end":{"line":7,"column":19}},"loc":{"start":{"line":7,"column":38},"end":{"line":17,"column":1}},"line":7},"1":{"name":"(anonymous_1)","decl":{"start":{"line":19,"column":18},"end":{"line":19,"column":19}},"loc":{"start":{"line":19,"column":38},"end":{"line":35,"column":1}},"line":19},"2":{"name":"(anonymous_2)","decl":{"start":{"line":37,"column":17},"end":{"line":37,"column":18}},"loc":{"start":{"line":37,"column":37},"end":{"line":66,"column":1}},"line":37},"3":{"name":"(anonymous_3)","decl":{"start":{"line":68,"column":17},"end":{"line":68,"column":18}},"loc":{"start":{"line":68,"column":37},"end":{"line":92,"column":1}},"line":68},"4":{"name":"(anonymous_4)","decl":{"start":{"line":94,"column":27},"end":{"line":94,"column":28}},"loc":{"start":{"line":94,"column":47},"end":{"line":105,"column":1}},"line":94},"5":{"name":"(anonymous_5)","decl":{"start":{"line":107,"column":24},"end":{"line":107,"column":25}},"loc":{"start":{"line":107,"column":44},"end":{"line":118,"column":1}},"line":107}},"branchMap":{"0":{"loc":{"start":{"line":25,"column":8},"end":{"line":29,"column":9}},"type":"if","locations":[{"start":{"line":25,"column":8},"end":{"line":29,"column":9}},{"start":{"line":27,"column":15},"end":{"line":29,"column":9}}],"line":25},"1":{"loc":{"start":{"line":42,"column":4},"end":{"line":44,"column":5}},"type":"if","locations":[{"start":{"line":42,"column":4},"end":{"line":44,"column":5}},{"start":{},"end":{}}],"line":42}},"s":{"0":2,"1":2,"2":2,"3":2,"4":2,"5":1,"6":1,"7":1,"8":1,"9":0,"10":0,"11":2,"12":2,"13":2,"14":2,"15":2,"16":1,"17":1,"18":2,"19":0,"20":0,"21":2,"22":5,"23":5,"24":5,"25":5,"26":4,"27":5,"28":5,"29":5,"30":2,"31":2,"32":3,"33":3,"34":2,"35":1,"36":1,"37":1,"38":1,"39":1,"40":1,"41":0,"42":0,"43":2,"44":1,"45":1,"46":1,"47":1,"48":1,"49":0,"50":0,"51":2,"52":1,"53":1,"54":1,"55":1,"56":1,"57":0,"58":0},"f":{"0":1,"1":2,"2":5,"3":1,"4":1,"5":1},"b":{"0":[1,1],"1":[4,1]},"_coverageSchema":"1a1c01bbd47fc00a2c39e90264f33305004495a9","hash":"da46a3578509a90a9ab7451c3ef02c527b57a07d"}
,"C:\\Users\\Ragnar\\Desktop\\Users App\\controllers\\user.product.controller.js": {"path":"C:\\Users\\Ragnar\\Desktop\\Users App\\controllers\\user.product.controller.js","statementMap":{"0":{"start":{"line":1,"column":13},"end":{"line":1,"column":44}},"1":{"start":{"line":3,"column":0},"end":{"line":13,"column":1}},"2":{"start":{"line":4,"column":2},"end":{"line":4,"column":50}},"3":{"start":{"line":6,"column":2},"end":{"line":12,"column":3}},"4":{"start":{"line":7,"column":19},"end":{"line":7,"column":70}},"5":{"start":{"line":8,"column":4},"end":{"line":8,"column":53}},"6":{"start":{"line":10,"column":4},"end":{"line":10,"column":66}},"7":{"start":{"line":11,"column":4},"end":{"line":11,"column":53}},"8":{"start":{"line":15,"column":0},"end":{"line":26,"column":1}},"9":{"start":{"line":16,"column":2},"end":{"line":16,"column":49}},"10":{"start":{"line":17,"column":19},"end":{"line":17,"column":38}},"11":{"start":{"line":19,"column":2},"end":{"line":25,"column":3}},"12":{"start":{"line":20,"column":19},"end":{"line":20,"column":92}},"13":{"start":{"line":21,"column":4},"end":{"line":21,"column":54}},"14":{"start":{"line":23,"column":4},"end":{"line":23,"column":59}},"15":{"start":{"line":24,"column":4},"end":{"line":24,"column":50}},"16":{"start":{"line":28,"column":0},"end":{"line":47,"column":1}},"17":{"start":{"line":29,"column":2},"end":{"line":29,"column":41}},"18":{"start":{"line":30,"column":19},"end":{"line":30,"column":36}},"19":{"start":{"line":31,"column":19},"end":{"line":31,"column":36}},"20":{"start":{"line":33,"column":2},"end":{"line":46,"column":3}},"21":{"start":{"line":34,"column":19},"end":{"line":41,"column":5}},"22":{"start":{"line":42,"column":4},"end":{"line":42,"column":54}},"23":{"start":{"line":44,"column":4},"end":{"line":44,"column":53}},"24":{"start":{"line":45,"column":4},"end":{"line":45,"column":50}},"25":{"start":{"line":49,"column":0},"end":{"line":67,"column":1}},"26":{"start":{"line":50,"column":19},"end":{"line":50,"column":36}},"27":{"start":{"line":51,"column":21},"end":{"line":51,"column":41}},"28":{"start":{"line":52,"column":27},"end":{"line":52,"column":52}},"29":{"start":{"line":54,"column":2},"end":{"line":54,"column":56}},"30":{"start":{"line":55,"column":2},"end":{"line":66,"column":3}},"31":{"start":{"line":56,"column":19},"end":{"line":61,"column":5}},"32":{"start":{"line":62,"column":4},"end":{"line":62,"column":55}},"33":{"start":{"line":64,"column":4},"end":{"line":64,"column":52}},"34":{"start":{"line":65,"column":4},"end":{"line":65,"column":53}},"35":{"start":{"line":69,"column":0},"end":{"line":89,"column":1}},"36":{"start":{"line":70,"column":19},"end":{"line":70,"column":38}},"37":{"start":{"line":71,"column":21},"end":{"line":71,"column":34}},"38":{"start":{"line":73,"column":2},"end":{"line":73,"column":53}},"39":{"start":{"line":75,"column":2},"end":{"line":88,"column":3}},"40":{"start":{"line":76,"column":19},"end":{"line":83,"column":5}},"41":{"start":{"line":84,"column":4},"end":{"line":84,"column":55}},"42":{"start":{"line":86,"column":4},"end":{"line":86,"column":52}},"43":{"start":{"line":87,"column":4},"end":{"line":87,"column":53}},"44":{"start":{"line":91,"column":0},"end":{"line":122,"column":1}},"45":{"start":{"line":92,"column":2},"end":{"line":92,"column":71}},"46":{"start":{"line":94,"column":2},"end":{"line":121,"column":3}},"47":{"start":{"line":95,"column":19},"end":{"line":116,"column":6}},"48":{"start":{"line":117,"column":4},"end":{"line":117,"column":53}},"49":{"start":{"line":119,"column":4},"end":{"line":119,"column":42}},"50":{"start":{"line":120,"column":4},"end":{"line":120,"column":53}}},"fnMap":{"0":{"name":"(anonymous_0)","decl":{"start":{"line":3,"column":18},"end":{"line":3,"column":19}},"loc":{"start":{"line":3,"column":37},"end":{"line":13,"column":1}},"line":3},"1":{"name":"(anonymous_1)","decl":{"start":{"line":15,"column":18},"end":{"line":15,"column":19}},"loc":{"start":{"line":15,"column":37},"end":{"line":26,"column":1}},"line":15},"2":{"name":"(anonymous_2)","decl":{"start":{"line":28,"column":17},"end":{"line":28,"column":18}},"loc":{"start":{"line":28,"column":36},"end":{"line":47,"column":1}},"line":28},"3":{"name":"(anonymous_3)","decl":{"start":{"line":49,"column":17},"end":{"line":49,"column":18}},"loc":{"start":{"line":49,"column":36},"end":{"line":67,"column":1}},"line":49},"4":{"name":"(anonymous_4)","decl":{"start":{"line":69,"column":17},"end":{"line":69,"column":18}},"loc":{"start":{"line":69,"column":36},"end":{"line":89,"column":1}},"line":69},"5":{"name":"(anonymous_5)","decl":{"start":{"line":91,"column":17},"end":{"line":91,"column":18}},"loc":{"start":{"line":91,"column":36},"end":{"line":122,"column":1}},"line":91}},"branchMap":{},"s":{"0":2,"1":2,"2":0,"3":0,"4":0,"5":0,"6":0,"7":0,"8":2,"9":0,"10":0,"11":0,"12":0,"13":0,"14":0,"15":0,"16":2,"17":0,"18":0,"19":0,"20":0,"21":0,"22":0,"23":0,"24":0,"25":2,"26":0,"27":0,"28":0,"29":0,"30":0,"31":0,"32":0,"33":0,"34":0,"35":2,"36":0,"37":0,"38":0,"39":0,"40":0,"41":0,"42":0,"43":0,"44":2,"45":0,"46":0,"47":0,"48":0,"49":0,"50":0},"f":{"0":0,"1":0,"2":0,"3":0,"4":0,"5":0},"b":{},"_coverageSchema":"1a1c01bbd47fc00a2c39e90264f33305004495a9","hash":"3048165a6554489bafc66ef53defd623f978cb3c"}
,"C:\\Users\\Ragnar\\Desktop\\Users App\\logger\\logger.js": {"path":"C:\\Users\\Ragnar\\Desktop\\Users App\\logger\\logger.js","statementMap":{"0":{"start":{"line":37,"column":0},"end":{"line":37,"column":37}},"1":{"start":{"line":38,"column":0},"end":{"line":38,"column":26}},"2":{"start":{"line":39,"column":45},"end":{"line":39,"column":63}},"3":{"start":{"line":40,"column":59},"end":{"line":40,"column":65}},"4":{"start":{"line":41,"column":18},"end":{"line":41,"column":37}},"5":{"start":{"line":43,"column":28},"end":{"line":48,"column":2}},"6":{"start":{"line":50,"column":15},"end":{"line":87,"column":2}},"7":{"start":{"line":89,"column":0},"end":{"line":89,"column":24}}},"fnMap":{},"branchMap":{},"s":{"0":2,"1":2,"2":2,"3":2,"4":2,"5":2,"6":2,"7":2},"f":{},"b":{},"_coverageSchema":"1a1c01bbd47fc00a2c39e90264f33305004495a9","hash":"ed0b572d1fafbb6de7128a00c53a2b89979b6d87"}
,"C:\\Users\\Ragnar\\Desktop\\Users App\\middlewares\\auth.middleware.js": {"path":"C:\\Users\\Ragnar\\Desktop\\Users App\\middlewares\\auth.middleware.js","statementMap":{"0":{"start":{"line":1,"column":12},"end":{"line":1,"column":35}},"1":{"start":{"line":2,"column":20},"end":{"line":2,"column":55}},"2":{"start":{"line":5,"column":21},"end":{"line":5,"column":49}},"3":{"start":{"line":6,"column":16},"end":{"line":6,"column":54}},"4":{"start":{"line":8,"column":2},"end":{"line":10,"column":3}},"5":{"start":{"line":9,"column":4},"end":{"line":9,"column":93}},"6":{"start":{"line":12,"column":17},"end":{"line":12,"column":53}},"7":{"start":{"line":14,"column":2},"end":{"line":20,"column":3}},"8":{"start":{"line":15,"column":4},"end":{"line":15,"column":26}},"9":{"start":{"line":16,"column":4},"end":{"line":16,"column":10}},"10":{"start":{"line":19,"column":4},"end":{"line":19,"column":67}},"11":{"start":{"line":25,"column":2},"end":{"line":40,"column":3}},"12":{"start":{"line":27,"column":4},"end":{"line":29,"column":5}},"13":{"start":{"line":28,"column":6},"end":{"line":28,"column":85}},"14":{"start":{"line":31,"column":22},"end":{"line":31,"column":36}},"15":{"start":{"line":33,"column":26},"end":{"line":33,"column":57}},"16":{"start":{"line":35,"column":4},"end":{"line":37,"column":5}},"17":{"start":{"line":36,"column":6},"end":{"line":36,"column":95}},"18":{"start":{"line":39,"column":4},"end":{"line":39,"column":10}},"19":{"start":{"line":43,"column":0},"end":{"line":43,"column":45}}},"fnMap":{"0":{"name":"verifyToken","decl":{"start":{"line":4,"column":9},"end":{"line":4,"column":20}},"loc":{"start":{"line":4,"column":37},"end":{"line":21,"column":1}},"line":4},"1":{"name":"verifyRoles","decl":{"start":{"line":23,"column":9},"end":{"line":23,"column":20}},"loc":{"start":{"line":23,"column":34},"end":{"line":41,"column":1}},"line":23},"2":{"name":"(anonymous_2)","decl":{"start":{"line":25,"column":9},"end":{"line":25,"column":10}},"loc":{"start":{"line":25,"column":29},"end":{"line":40,"column":3}},"line":25}},"branchMap":{"0":{"loc":{"start":{"line":6,"column":16},"end":{"line":6,"column":54}},"type":"binary-expr","locations":[{"start":{"line":6,"column":16},"end":{"line":6,"column":26}},{"start":{"line":6,"column":30},"end":{"line":6,"column":54}}],"line":6},"1":{"loc":{"start":{"line":8,"column":2},"end":{"line":10,"column":3}},"type":"if","locations":[{"start":{"line":8,"column":2},"end":{"line":10,"column":3}},{"start":{},"end":{}}],"line":8},"2":{"loc":{"start":{"line":14,"column":2},"end":{"line":20,"column":3}},"type":"if","locations":[{"start":{"line":14,"column":2},"end":{"line":20,"column":3}},{"start":{"line":18,"column":9},"end":{"line":20,"column":3}}],"line":14},"3":{"loc":{"start":{"line":27,"column":4},"end":{"line":29,"column":5}},"type":"if","locations":[{"start":{"line":27,"column":4},"end":{"line":29,"column":5}},{"start":{},"end":{}}],"line":27},"4":{"loc":{"start":{"line":27,"column":8},"end":{"line":27,"column":36}},"type":"binary-expr","locations":[{"start":{"line":27,"column":8},"end":{"line":27,"column":17}},{"start":{"line":27,"column":21},"end":{"line":27,"column":36}}],"line":27},"5":{"loc":{"start":{"line":35,"column":4},"end":{"line":37,"column":5}},"type":"if","locations":[{"start":{"line":35,"column":4},"end":{"line":37,"column":5}},{"start":{},"end":{}}],"line":35}},"s":{"0":2,"1":2,"2":14,"3":14,"4":14,"5":1,"6":13,"7":13,"8":13,"9":13,"10":0,"11":18,"12":11,"13":0,"14":11,"15":11,"16":11,"17":0,"18":11,"19":2},"f":{"0":14,"1":18,"2":11},"b":{"0":[14,13],"1":[1,13],"2":[13,0],"3":[0,11],"4":[11,11],"5":[0,11]},"_coverageSchema":"1a1c01bbd47fc00a2c39e90264f33305004495a9","hash":"9cac3f6c5d69c9687aedc9383798b21c1fd64c3a"}
,"C:\\Users\\Ragnar\\Desktop\\Users App\\models\\products.model.js": {"path":"C:\\Users\\Ragnar\\Desktop\\Users App\\models\\products.model.js","statementMap":{"0":{"start":{"line":1,"column":17},"end":{"line":1,"column":36}},"1":{"start":{"line":3,"column":15},"end":{"line":3,"column":30}},"2":{"start":{"line":5,"column":21},"end":{"line":25,"column":2}},"3":{"start":{"line":27,"column":0},"end":{"line":27,"column":59}}},"fnMap":{},"branchMap":{},"s":{"0":2,"1":2,"2":2,"3":2},"f":{},"b":{},"_coverageSchema":"1a1c01bbd47fc00a2c39e90264f33305004495a9","hash":"3915e49ace648ae5e6df45a301adaa9ab57afff2"}
,"C:\\Users\\Ragnar\\Desktop\\Users App\\models\\user.model.js": {"path":"C:\\Users\\Ragnar\\Desktop\\Users App\\models\\user.model.js","statementMap":{"0":{"start":{"line":1,"column":17},"end":{"line":1,"column":36}},"1":{"start":{"line":3,"column":15},"end":{"line":3,"column":30}},"2":{"start":{"line":5,"column":20},"end":{"line":8,"column":16}},"3":{"start":{"line":10,"column":18},"end":{"line":13,"column":16}},"4":{"start":{"line":15,"column":21},"end":{"line":20,"column":2}},"5":{"start":{"line":22,"column":17},"end":{"line":62,"column":2}},"6":{"start":{"line":64,"column":0},"end":{"line":64,"column":51}}},"fnMap":{},"branchMap":{},"s":{"0":2,"1":2,"2":2,"3":2,"4":2,"5":2,"6":2},"f":{},"b":{},"_coverageSchema":"1a1c01bbd47fc00a2c39e90264f33305004495a9","hash":"4f5c1e39e0dbd7f34e5b0b3ab36455fc978cac02"}
,"C:\\Users\\Ragnar\\Desktop\\Users App\\routes\\auth.routes.js": {"path":"C:\\Users\\Ragnar\\Desktop\\Users App\\routes\\auth.routes.js","statementMap":{"0":{"start":{"line":1,"column":16},"end":{"line":1,"column":34}},"1":{"start":{"line":2,"column":15},"end":{"line":2,"column":31}},"2":{"start":{"line":4,"column":23},"end":{"line":4,"column":64}},"3":{"start":{"line":6,"column":0},"end":{"line":6,"column":44}},"4":{"start":{"line":7,"column":0},"end":{"line":7,"column":59}},"5":{"start":{"line":9,"column":0},"end":{"line":9,"column":23}}},"fnMap":{},"branchMap":{},"s":{"0":2,"1":2,"2":2,"3":2,"4":2,"5":2},"f":{},"b":{},"_coverageSchema":"1a1c01bbd47fc00a2c39e90264f33305004495a9","hash":"572d6114409a77204de9ddf0774499883a161cee"}
,"C:\\Users\\Ragnar\\Desktop\\Users App\\routes\\products.routes.js": {"path":"C:\\Users\\Ragnar\\Desktop\\Users App\\routes\\products.routes.js","statementMap":{"0":{"start":{"line":1,"column":16},"end":{"line":1,"column":34}},"1":{"start":{"line":2,"column":15},"end":{"line":2,"column":31}},"2":{"start":{"line":4,"column":27},"end":{"line":4,"column":72}},"3":{"start":{"line":5,"column":20},"end":{"line":5,"column":73}},"4":{"start":{"line":6,"column":20},"end":{"line":6,"column":73}},"5":{"start":{"line":8,"column":0},"end":{"line":8,"column":44}},"6":{"start":{"line":9,"column":0},"end":{"line":9,"column":88}},"7":{"start":{"line":10,"column":0},"end":{"line":10,"column":80}},"8":{"start":{"line":11,"column":0},"end":{"line":11,"column":89}},"9":{"start":{"line":12,"column":0},"end":{"line":12,"column":89}},"10":{"start":{"line":14,"column":0},"end":{"line":14,"column":24}}},"fnMap":{},"branchMap":{},"s":{"0":2,"1":2,"2":2,"3":2,"4":2,"5":2,"6":2,"7":2,"8":2,"9":2,"10":2},"f":{},"b":{},"_coverageSchema":"1a1c01bbd47fc00a2c39e90264f33305004495a9","hash":"bd5e644c1e122dfbee89238175bc32eaab7da4ed"}
,"C:\\Users\\Ragnar\\Desktop\\Users App\\routes\\user.products.routes.js": {"path":"C:\\Users\\Ragnar\\Desktop\\Users App\\routes\\user.products.routes.js","statementMap":{"0":{"start":{"line":1,"column":16},"end":{"line":1,"column":34}},"1":{"start":{"line":2,"column":15},"end":{"line":2,"column":31}},"2":{"start":{"line":4,"column":30},"end":{"line":4,"column":79}},"3":{"start":{"line":6,"column":0},"end":{"line":6,"column":47}},"4":{"start":{"line":7,"column":0},"end":{"line":7,"column":56}},"5":{"start":{"line":8,"column":0},"end":{"line":8,"column":47}},"6":{"start":{"line":9,"column":0},"end":{"line":9,"column":57}},"7":{"start":{"line":10,"column":0},"end":{"line":10,"column":71}},"8":{"start":{"line":11,"column":0},"end":{"line":11,"column":58}},"9":{"start":{"line":13,"column":0},"end":{"line":13,"column":24}}},"fnMap":{},"branchMap":{},"s":{"0":2,"1":2,"2":2,"3":2,"4":2,"5":2,"6":2,"7":2,"8":2,"9":2},"f":{},"b":{},"_coverageSchema":"1a1c01bbd47fc00a2c39e90264f33305004495a9","hash":"d7f6d8d60193a8aec6d7d3441c39b0a89d8ffa10"}
,"C:\\Users\\Ragnar\\Desktop\\Users App\\routes\\user.routes.js": {"path":"C:\\Users\\Ragnar\\Desktop\\Users App\\routes\\user.routes.js","statementMap":{"0":{"start":{"line":1,"column":16},"end":{"line":1,"column":34}},"1":{"start":{"line":2,"column":15},"end":{"line":2,"column":31}},"2":{"start":{"line":4,"column":23},"end":{"line":4,"column":64}},"3":{"start":{"line":5,"column":20},"end":{"line":5,"column":73}},"4":{"start":{"line":6,"column":20},"end":{"line":6,"column":73}},"5":{"start":{"line":8,"column":0},"end":{"line":8,"column":76}},"6":{"start":{"line":9,"column":0},"end":{"line":9,"column":62}},"7":{"start":{"line":10,"column":0},"end":{"line":10,"column":76}},"8":{"start":{"line":11,"column":0},"end":{"line":16,"column":2}},"9":{"start":{"line":17,"column":0},"end":{"line":22,"column":2}},"10":{"start":{"line":23,"column":0},"end":{"line":28,"column":2}},"11":{"start":{"line":30,"column":0},"end":{"line":30,"column":24}}},"fnMap":{},"branchMap":{},"s":{"0":2,"1":2,"2":2,"3":2,"4":2,"5":2,"6":2,"7":2,"8":2,"9":2,"10":2,"11":2},"f":{},"b":{},"_coverageSchema":"1a1c01bbd47fc00a2c39e90264f33305004495a9","hash":"7367a9310699a12d9ade0b458e635225ca99f205"}
,"C:\\Users\\Ragnar\\Desktop\\Users App\\services\\auth.service.js": {"path":"C:\\Users\\Ragnar\\Desktop\\Users App\\services\\auth.service.js","statementMap":{"0":{"start":{"line":1,"column":12},"end":{"line":1,"column":35}},"1":{"start":{"line":2,"column":25},"end":{"line":2,"column":55}},"2":{"start":{"line":6,"column":18},"end":{"line":10,"column":3}},"3":{"start":{"line":12,"column":17},"end":{"line":12,"column":41}},"4":{"start":{"line":13,"column":18},"end":{"line":13,"column":36}},"5":{"start":{"line":15,"column":2},"end":{"line":15,"column":44}},"6":{"start":{"line":20,"column":17},"end":{"line":20,"column":41}},"7":{"start":{"line":22,"column":2},"end":{"line":28,"column":3}},"8":{"start":{"line":23,"column":20},"end":{"line":23,"column":45}},"9":{"start":{"line":24,"column":4},"end":{"line":24,"column":44}},"10":{"start":{"line":27,"column":4},"end":{"line":27,"column":49}},"11":{"start":{"line":33,"column":2},"end":{"line":33,"column":36}},"12":{"start":{"line":35,"column":20},"end":{"line":35,"column":48}},"13":{"start":{"line":36,"column":24},"end":{"line":36,"column":56}},"14":{"start":{"line":37,"column":23},"end":{"line":37,"column":47}},"15":{"start":{"line":39,"column":23},"end":{"line":39,"column":79}},"16":{"start":{"line":41,"column":2},"end":{"line":61,"column":3}},"17":{"start":{"line":43,"column":23},"end":{"line":43,"column":56}},"18":{"start":{"line":44,"column":4},"end":{"line":44,"column":33}},"19":{"start":{"line":45,"column":4},"end":{"line":45,"column":39}},"20":{"start":{"line":47,"column":19},"end":{"line":50,"column":6}},"21":{"start":{"line":52,"column":4},"end":{"line":52,"column":25}},"22":{"start":{"line":54,"column":21},"end":{"line":54,"column":46}},"23":{"start":{"line":55,"column":4},"end":{"line":55,"column":41}},"24":{"start":{"line":56,"column":4},"end":{"line":56,"column":35}},"25":{"start":{"line":59,"column":4},"end":{"line":59,"column":57}},"26":{"start":{"line":60,"column":4},"end":{"line":60,"column":57}},"27":{"start":{"line":64,"column":0},"end":{"line":64,"column":71}}},"fnMap":{"0":{"name":"generateAccessToken","decl":{"start":{"line":4,"column":9},"end":{"line":4,"column":28}},"loc":{"start":{"line":4,"column":34},"end":{"line":16,"column":1}},"line":4},"1":{"name":"verifyAccessToken","decl":{"start":{"line":18,"column":9},"end":{"line":18,"column":26}},"loc":{"start":{"line":18,"column":33},"end":{"line":29,"column":1}},"line":18},"2":{"name":"googleAuth","decl":{"start":{"line":31,"column":15},"end":{"line":31,"column":25}},"loc":{"start":{"line":31,"column":32},"end":{"line":62,"column":1}},"line":31}},"branchMap":{},"s":{"0":2,"1":2,"2":5,"3":5,"4":5,"5":5,"6":13,"7":13,"8":13,"9":13,"10":0,"11":0,"12":0,"13":0,"14":0,"15":0,"16":0,"17":0,"18":0,"19":0,"20":0,"21":0,"22":0,"23":0,"24":0,"25":0,"26":0,"27":2},"f":{"0":5,"1":13,"2":0},"b":{},"_coverageSchema":"1a1c01bbd47fc00a2c39e90264f33305004495a9","hash":"68c844766d9f3813748b974c773ad37cd313b13f"}
,"C:\\Users\\Ragnar\\Desktop\\Users App\\services\\products.service.js": {"path":"C:\\Users\\Ragnar\\Desktop\\Users App\\services\\products.service.js","statementMap":{"0":{"start":{"line":1,"column":17},"end":{"line":1,"column":52}},"1":{"start":{"line":4,"column":19},"end":{"line":4,"column":34}},"2":{"start":{"line":5,"column":4},"end":{"line":5,"column":17}},"3":{"start":{"line":9,"column":19},"end":{"line":9,"column":54}},"4":{"start":{"line":10,"column":4},"end":{"line":10,"column":17}},"5":{"start":{"line":14,"column":2},"end":{"line":20,"column":3}},"6":{"start":{"line":15,"column":19},"end":{"line":15,"column":64}},"7":{"start":{"line":16,"column":4},"end":{"line":16,"column":20}},"8":{"start":{"line":18,"column":4},"end":{"line":18,"column":63}},"9":{"start":{"line":19,"column":4},"end":{"line":19,"column":16}},"10":{"start":{"line":23,"column":0},"end":{"line":23,"column":62}}},"fnMap":{"0":{"name":"findAll","decl":{"start":{"line":3,"column":9},"end":{"line":3,"column":16}},"loc":{"start":{"line":3,"column":19},"end":{"line":6,"column":1}},"line":3},"1":{"name":"findOne","decl":{"start":{"line":8,"column":9},"end":{"line":8,"column":16}},"loc":{"start":{"line":8,"column":26},"end":{"line":11,"column":1}},"line":8},"2":{"name":"findLastInsertedProduct","decl":{"start":{"line":13,"column":15},"end":{"line":13,"column":38}},"loc":{"start":{"line":13,"column":40},"end":{"line":21,"column":1}},"line":13}},"branchMap":{},"s":{"0":2,"1":1,"2":1,"3":1,"4":1,"5":1,"6":1,"7":1,"8":0,"9":0,"10":2},"f":{"0":1,"1":1,"2":1},"b":{},"_coverageSchema":"1a1c01bbd47fc00a2c39e90264f33305004495a9","hash":"07510b51cc6b93dd32aa4450f6a51fb83a51386d"}
,"C:\\Users\\Ragnar\\Desktop\\Users App\\services\\user.service.js": {"path":"C:\\Users\\Ragnar\\Desktop\\Users App\\services\\user.service.js","statementMap":{"0":{"start":{"line":1,"column":13},"end":{"line":1,"column":44}},"1":{"start":{"line":4,"column":17},"end":{"line":4,"column":28}},"2":{"start":{"line":5,"column":2},"end":{"line":5,"column":15}},"3":{"start":{"line":9,"column":17},"end":{"line":9,"column":50}},"4":{"start":{"line":10,"column":2},"end":{"line":10,"column":16}},"5":{"start":{"line":14,"column":2},"end":{"line":20,"column":3}},"6":{"start":{"line":15,"column":19},"end":{"line":15,"column":60}},"7":{"start":{"line":16,"column":4},"end":{"line":16,"column":20}},"8":{"start":{"line":18,"column":4},"end":{"line":18,"column":60}},"9":{"start":{"line":19,"column":4},"end":{"line":19,"column":16}},"10":{"start":{"line":23,"column":0},"end":{"line":23,"column":59}}},"fnMap":{"0":{"name":"findAll","decl":{"start":{"line":3,"column":9},"end":{"line":3,"column":16}},"loc":{"start":{"line":3,"column":19},"end":{"line":6,"column":1}},"line":3},"1":{"name":"findOne","decl":{"start":{"line":8,"column":9},"end":{"line":8,"column":16}},"loc":{"start":{"line":8,"column":27},"end":{"line":11,"column":1}},"line":8},"2":{"name":"findLastInsertedUser","decl":{"start":{"line":13,"column":15},"end":{"line":13,"column":35}},"loc":{"start":{"line":13,"column":37},"end":{"line":21,"column":1}},"line":13}},"branchMap":{},"s":{"0":2,"1":1,"2":1,"3":3,"4":3,"5":4,"6":4,"7":4,"8":0,"9":0,"10":2},"f":{"0":1,"1":3,"2":4},"b":{},"_coverageSchema":"1a1c01bbd47fc00a2c39e90264f33305004495a9","hash":"5e0e2537f61fa7dfcc7485703d2fe3f563f8e45c"}
}
