TN:
SF:app.js
FNF:0
FNH:0
DA:1,2
DA:2,2
DA:3,2
DA:5,2
DA:6,2
DA:8,2
DA:9,2
DA:11,2
DA:12,2
DA:13,2
DA:14,2
DA:16,2
DA:20,2
DA:21,2
DA:22,2
DA:23,2
DA:25,2
DA:27,2
DA:33,2
LF:19
LH:19
BRF:0
BRH:0
end_of_record
TN:
SF:swagger.js
FNF:0
FNH:0
DA:1,2
DA:2,2
DA:4,2
LF:3
LH:3
BRF:0
BRH:0
end_of_record
TN:
SF:controllers\auth.controller.js
FN:5,(anonymous_0)
FN:28,(anonymous_1)
FNF:2
FNH:0
FNDA:0,(anonymous_0)
FNDA:0,(anonymous_1)
DA:1,2
DA:2,2
DA:3,2
DA:5,2
DA:6,0
DA:8,0
DA:9,0
DA:11,0
DA:12,0
DA:13,0
DA:14,0
DA:16,0
DA:17,0
DA:18,0
DA:20,0
DA:23,0
DA:24,0
DA:28,2
DA:29,0
DA:31,0
DA:32,0
DA:34,0
DA:35,0
DA:36,0
DA:37,0
DA:39,0
LF:26
LH:5
BRDA:16,0,0,0
BRDA:16,0,1,0
BRDA:16,1,0,0
BRDA:16,1,1,0
BRDA:16,1,2,0
BRDA:16,1,3,0
BRDA:31,2,0,0
BRDA:31,2,1,0
BRDA:35,3,0,0
BRDA:35,3,1,0
BRF:10
BRH:0
end_of_record
TN:
SF:controllers\products.controller.js
FN:5,(anonymous_0)
FN:16,(anonymous_1)
FN:34,(anonymous_2)
FN:54,(anonymous_3)
FN:77,(anonymous_4)
FNF:5
FNH:3
FNDA:1,(anonymous_0)
FNDA:1,(anonymous_1)
FNDA:1,(anonymous_2)
FNDA:0,(anonymous_3)
FNDA:0,(anonymous_4)
DA:1,2
DA:2,2
DA:3,2
DA:5,2
DA:6,1
DA:7,1
DA:8,1
DA:9,1
DA:11,0
DA:12,0
DA:16,2
DA:17,1
DA:19,1
DA:20,1
DA:22,1
DA:23,1
DA:25,0
DA:27,1
DA:29,0
DA:30,0
DA:34,2
DA:35,1
DA:37,1
DA:44,1
DA:45,1
DA:46,1
DA:47,1
DA:49,0
DA:50,0
DA:54,2
DA:55,0
DA:56,0
DA:63,0
DA:64,0
DA:69,0
DA:70,0
DA:72,0
DA:73,0
DA:77,2
DA:78,0
DA:80,0
DA:81,0
DA:82,0
DA:83,0
DA:85,0
DA:86,0
LF:46
LH:24
BRDA:22,0,0,1
BRDA:22,0,1,0
BRF:2
BRH:1
end_of_record
TN:
SF:controllers\user.controller.js
FN:7,(anonymous_0)
FN:19,(anonymous_1)
FN:37,(anonymous_2)
FN:68,(anonymous_3)
FN:94,(anonymous_4)
FN:107,(anonymous_5)
FNF:6
FNH:6
FNDA:1,(anonymous_0)
FNDA:2,(anonymous_1)
FNDA:5,(anonymous_2)
FNDA:1,(anonymous_3)
FNDA:1,(anonymous_4)
FNDA:1,(anonymous_5)
DA:1,2
DA:2,2
DA:3,2
DA:5,2
DA:7,2
DA:9,1
DA:10,1
DA:11,1
DA:12,1
DA:14,0
DA:15,0
DA:19,2
DA:20,2
DA:22,2
DA:23,2
DA:25,2
DA:26,1
DA:28,1
DA:30,2
DA:32,0
DA:33,0
DA:37,2
DA:38,5
DA:39,5
DA:41,5
DA:42,5
DA:43,4
DA:46,5
DA:58,5
DA:59,5
DA:60,2
DA:61,2
DA:63,3
DA:64,3
DA:68,2
DA:69,1
DA:70,1
DA:80,1
DA:81,1
DA:86,1
DA:87,1
DA:89,0
DA:90,0
DA:94,2
DA:95,1
DA:97,1
DA:98,1
DA:99,1
DA:100,1
DA:102,0
DA:103,0
DA:107,2
DA:108,1
DA:110,1
DA:111,1
DA:112,1
DA:113,1
DA:115,0
DA:116,0
LF:59
LH:49
BRDA:25,0,0,1
BRDA:25,0,1,1
BRDA:42,1,0,4
BRDA:42,1,1,1
BRF:4
BRH:4
end_of_record
TN:
SF:controllers\user.product.controller.js
FN:3,(anonymous_0)
FN:15,(anonymous_1)
FN:28,(anonymous_2)
FN:49,(anonymous_3)
FN:69,(anonymous_4)
FN:91,(anonymous_5)
FNF:6
FNH:0
FNDA:0,(anonymous_0)
FNDA:0,(anonymous_1)
FNDA:0,(anonymous_2)
FNDA:0,(anonymous_3)
FNDA:0,(anonymous_4)
FNDA:0,(anonymous_5)
DA:1,2
DA:3,2
DA:4,0
DA:6,0
DA:7,0
DA:8,0
DA:10,0
DA:11,0
DA:15,2
DA:16,0
DA:17,0
DA:19,0
DA:20,0
DA:21,0
DA:23,0
DA:24,0
DA:28,2
DA:29,0
DA:30,0
DA:31,0
DA:33,0
DA:34,0
DA:42,0
DA:44,0
DA:45,0
DA:49,2
DA:50,0
DA:51,0
DA:52,0
DA:54,0
DA:55,0
DA:56,0
DA:62,0
DA:64,0
DA:65,0
DA:69,2
DA:70,0
DA:71,0
DA:73,0
DA:75,0
DA:76,0
DA:84,0
DA:86,0
DA:87,0
DA:91,2
DA:92,0
DA:94,0
DA:95,0
DA:117,0
DA:119,0
DA:120,0
LF:51
LH:7
BRF:0
BRH:0
end_of_record
TN:
SF:logger\logger.js
FNF:0
FNH:0
DA:37,2
DA:38,2
DA:39,2
DA:40,2
DA:41,2
DA:43,2
DA:50,2
DA:89,2
LF:8
LH:8
BRF:0
BRH:0
end_of_record
TN:
SF:middlewares\auth.middleware.js
FN:4,verifyToken
FN:23,verifyRoles
FN:25,(anonymous_2)
FNF:3
FNH:3
FNDA:14,verifyToken
FNDA:18,verifyRoles
FNDA:11,(anonymous_2)
DA:1,2
DA:2,2
DA:5,14
DA:6,14
DA:8,14
DA:9,1
DA:12,13
DA:14,13
DA:15,13
DA:16,13
DA:19,0
DA:25,18
DA:27,11
DA:28,0
DA:31,11
DA:33,11
DA:35,11
DA:36,0
DA:39,11
DA:43,2
LF:20
LH:17
BRDA:6,0,0,14
BRDA:6,0,1,13
BRDA:8,1,0,1
BRDA:8,1,1,13
BRDA:14,2,0,13
BRDA:14,2,1,0
BRDA:27,3,0,0
BRDA:27,3,1,11
BRDA:27,4,0,11
BRDA:27,4,1,11
BRDA:35,5,0,0
BRDA:35,5,1,11
BRF:12
BRH:9
end_of_record
TN:
SF:models\products.model.js
FNF:0
FNH:0
DA:1,2
DA:3,2
DA:5,2
DA:27,2
LF:4
LH:4
BRF:0
BRH:0
end_of_record
TN:
SF:models\user.model.js
FNF:0
FNH:0
DA:1,2
DA:3,2
DA:5,2
DA:10,2
DA:15,2
DA:22,2
DA:64,2
LF:7
LH:7
BRF:0
BRH:0
end_of_record
TN:
SF:routes\auth.routes.js
FNF:0
FNH:0
DA:1,2
DA:2,2
DA:4,2
DA:6,2
DA:7,2
DA:9,2
LF:6
LH:6
BRF:0
BRH:0
end_of_record
TN:
SF:routes\products.routes.js
FNF:0
FNH:0
DA:1,2
DA:2,2
DA:4,2
DA:5,2
DA:6,2
DA:8,2
DA:9,2
DA:10,2
DA:11,2
DA:12,2
DA:14,2
LF:11
LH:11
BRF:0
BRH:0
end_of_record
TN:
SF:routes\user.products.routes.js
FNF:0
FNH:0
DA:1,2
DA:2,2
DA:4,2
DA:6,2
DA:7,2
DA:8,2
DA:9,2
DA:10,2
DA:11,2
DA:13,2
LF:10
LH:10
BRF:0
BRH:0
end_of_record
TN:
SF:routes\user.routes.js
FNF:0
FNH:0
DA:1,2
DA:2,2
DA:4,2
DA:5,2
DA:6,2
DA:8,2
DA:9,2
DA:10,2
DA:11,2
DA:17,2
DA:23,2
DA:30,2
LF:12
LH:12
BRF:0
BRH:0
end_of_record
TN:
SF:services\auth.service.js
FN:4,generateAccessToken
FN:18,verifyAccessToken
FN:31,googleAuth
FNF:3
FNH:2
FNDA:5,generateAccessToken
FNDA:13,verifyAccessToken
FNDA:0,googleAuth
DA:1,2
DA:2,2
DA:6,5
DA:12,5
DA:13,5
DA:15,5
DA:20,13
DA:22,13
DA:23,13
DA:24,13
DA:27,0
DA:33,0
DA:35,0
DA:36,0
DA:37,0
DA:39,0
DA:41,0
DA:43,0
DA:44,0
DA:45,0
DA:47,0
DA:52,0
DA:54,0
DA:55,0
DA:56,0
DA:59,0
DA:60,0
DA:64,2
LF:28
LH:11
BRF:0
BRH:0
end_of_record
TN:
SF:services\products.service.js
FN:3,findAll
FN:8,findOne
FN:13,findLastInsertedProduct
FNF:3
FNH:3
FNDA:1,findAll
FNDA:1,findOne
FNDA:1,findLastInsertedProduct
DA:1,2
DA:4,1
DA:5,1
DA:9,1
DA:10,1
DA:14,1
DA:15,1
DA:16,1
DA:18,0
DA:19,0
DA:23,2
LF:11
LH:9
BRF:0
BRH:0
end_of_record
TN:
SF:services\user.service.js
FN:3,findAll
FN:8,findOne
FN:13,findLastInsertedUser
FNF:3
FNH:3
FNDA:1,findAll
FNDA:3,findOne
FNDA:4,findLastInsertedUser
DA:1,2
DA:4,1
DA:5,1
DA:9,3
DA:10,3
DA:14,4
DA:15,4
DA:16,4
DA:18,0
DA:19,0
DA:23,2
LF:11
LH:9
BRF:0
BRH:0
end_of_record
